<?xml version="1.0" encoding="UTF-8"?>
<testng-results skipped="0" failed="0" ignored="0" total="1" passed="1">
  <reporter-output>
  </reporter-output>
  <suite name="Default suite" duration-ms="12246" started-at="2018-10-15T05:13:36Z" finished-at="2018-10-15T05:13:48Z">
    <groups>
    </groups>
    <test name="Default test" duration-ms="12246" started-at="2018-10-15T05:13:36Z" finished-at="2018-10-15T05:13:48Z">
      <class name="seleniumpractice.practice1">
        <test-method status="PASS" signature="pavan()[pri:0, instance:seleniumpractice.practice1@262b2c86]" name="pavan" duration-ms="12226" started-at="2018-10-15T05:13:36Z" finished-at="2018-10-15T05:13:48Z">
          <reporter-output>
          </reporter-output>
        </test-method> <!-- pavan -->
      </class> <!-- seleniumpractice.practice1 -->
    </test> <!-- Default test -->
  </suite> <!-- Default suite -->
</testng-results>
