<?xml version="1.0" encoding="UTF-8"?>
<!-- Generated by org.testng.reporters.JUnitXMLReporter -->
<testsuite hostname="ARIATECH-14" ignored="0" name="Test" tests="1" failures="1" timestamp="15 Oct 2018 05:11:30 GMT" time="27.95" errors="0">
  <testcase name="pavan" time="27.912" classname="seleniumpractice.practice1">
    <failure type="java.lang.IndexOutOfBoundsException" message="Index: 673, Size: 673">
      <![CDATA[java.lang.IndexOutOfBoundsException: Index: 673, Size: 673
at java.util.ArrayList.rangeCheck(Unknown Source)
at java.util.ArrayList.get(Unknown Source)
at seleniumpractice.practice1.pavan(practice1.java:33)
... Removed 25 stack frames]]>
    </failure>
  </testcase> <!-- pavan -->
</testsuite> <!-- Test -->
